[  917040ms] [ERROR] Failed to load resource: the server responded with a status of 500 (Internal Server Error) @ http://localhost:5174/:0
[  940735ms] [ERROR] Failed to load resource: the server responded with a status of 500 (Internal Server Error) @ http://localhost:5174/:0
[  996294ms] [ERROR] Failed to load resource: the server responded with a status of 500 (Internal Server Error) @ http://localhost:5174/:0
[ 1003584ms] [ERROR] Failed to load resource: the server responded with a status of 500 (Internal Server Error) @ http://localhost:5174/:0
[17839307ms] TypeError: Cannot read properties of undefined (reading 'color')

	in <unknown>
	in Palette.svelte
	in +page.svelte
	in +layout.svelte
	in root.svelte
	in undefined

    at http://localhost:5174/src/lib/Palette.svelte?t=1782941494587:182:75
    at http://localhost:5174/node_modules/.vite/deps/runtime-Dhi6vjnW.js?v=fbadb8b0:4479:4
    at update_reaction (http://localhost:5174/node_modules/.vite/deps/runtime-Dhi6vjnW.js?v=fbadb8b0:4884:16)
    at update_effect (http://localhost:5174/node_modules/.vite/deps/runtime-Dhi6vjnW.js?v=fbadb8b0:4984:18)
    at create_effect (http://localhost:5174/node_modules/.vite/deps/runtime-Dhi6vjnW.js?v=fbadb8b0:4308:4)
    at http://localhost:5174/node_modules/.vite/deps/runtime-Dhi6vjnW.js?v=fbadb8b0:4478:3
    at flatten (http://localhost:5174/node_modules/.vite/deps/runtime-Dhi6vjnW.js?v=fbadb8b0:2089:3)
    at Module.template_effect (http://localhost:5174/node_modules/.vite/deps/runtime-Dhi6vjnW.js?v=fbadb8b0:4477:2)
    at http://localhost:5174/src/lib/Palette.svelte?t=1782941494587:181:10
    at http://localhost:5174/node_modules/.vite/deps/index-client-BtLNq6aR.js?v=fbadb8b0:1129:4
[17847543ms] TypeError: Cannot read properties of undefined (reading 'color')

	in <unknown>
	in Palette.svelte
	in +page.svelte
	in +layout.svelte
	in root.svelte
	in undefined

    at http://localhost:5174/src/lib/Palette.svelte?t=1782941502820:182:75
    at http://localhost:5174/node_modules/.vite/deps/runtime-Dhi6vjnW.js?v=fbadb8b0:4479:4
    at update_reaction (http://localhost:5174/node_modules/.vite/deps/runtime-Dhi6vjnW.js?v=fbadb8b0:4884:16)
    at update_effect (http://localhost:5174/node_modules/.vite/deps/runtime-Dhi6vjnW.js?v=fbadb8b0:4984:18)
    at create_effect (http://localhost:5174/node_modules/.vite/deps/runtime-Dhi6vjnW.js?v=fbadb8b0:4308:4)
    at http://localhost:5174/node_modules/.vite/deps/runtime-Dhi6vjnW.js?v=fbadb8b0:4478:3
    at flatten (http://localhost:5174/node_modules/.vite/deps/runtime-Dhi6vjnW.js?v=fbadb8b0:2089:3)
    at Module.template_effect (http://localhost:5174/node_modules/.vite/deps/runtime-Dhi6vjnW.js?v=fbadb8b0:4477:2)
    at http://localhost:5174/src/lib/Palette.svelte?t=1782941502820:181:10
    at http://localhost:5174/node_modules/.vite/deps/index-client-BtLNq6aR.js?v=fbadb8b0:1129:4
[17872133ms] TypeError: Cannot read properties of undefined (reading 'color')

	in <unknown>
	in Palette.svelte
	in +page.svelte
	in +layout.svelte
	in root.svelte
	in undefined

    at http://localhost:5174/src/lib/Palette.svelte?t=1782941502820:182:75
    at http://localhost:5174/node_modules/.vite/deps/runtime-Dhi6vjnW.js?v=fbadb8b0:4479:4
    at update_reaction (http://localhost:5174/node_modules/.vite/deps/runtime-Dhi6vjnW.js?v=fbadb8b0:4884:16)
    at update_effect (http://localhost:5174/node_modules/.vite/deps/runtime-Dhi6vjnW.js?v=fbadb8b0:4984:18)
    at create_effect (http://localhost:5174/node_modules/.vite/deps/runtime-Dhi6vjnW.js?v=fbadb8b0:4308:4)
    at http://localhost:5174/node_modules/.vite/deps/runtime-Dhi6vjnW.js?v=fbadb8b0:4478:3
    at flatten (http://localhost:5174/node_modules/.vite/deps/runtime-Dhi6vjnW.js?v=fbadb8b0:2089:3)
    at Module.template_effect (http://localhost:5174/node_modules/.vite/deps/runtime-Dhi6vjnW.js?v=fbadb8b0:4477:2)
    at http://localhost:5174/src/lib/Palette.svelte?t=1782941502820:181:10
    at http://localhost:5174/node_modules/.vite/deps/index-client-BtLNq6aR.js?v=fbadb8b0:1129:4
[17921838ms] TypeError: Cannot read properties of undefined (reading 'color')

	in <unknown>
	in VeilNode.svelte
	in NodeWrapper.svelte
	in NodeRenderer.svelte
	in Viewport.svelte
	in Pane.svelte
	in Zoom.svelte
	in Wrapper.svelte
	in SvelteFlow.svelte
	in +page.svelte
	in +layout.svelte
	in root.svelte
	in undefined

    at http://localhost:5174/src/lib/VeilNode.svelte?t=1782941544832:515:43
    at http://localhost:5174/node_modules/.vite/deps/runtime-Dhi6vjnW.js?v=fbadb8b0:4479:4
    at update_reaction (http://localhost:5174/node_modules/.vite/deps/runtime-Dhi6vjnW.js?v=fbadb8b0:4884:16)
    at update_effect (http://localhost:5174/node_modules/.vite/deps/runtime-Dhi6vjnW.js?v=fbadb8b0:4984:18)
    at create_effect (http://localhost:5174/node_modules/.vite/deps/runtime-Dhi6vjnW.js?v=fbadb8b0:4308:4)
    at http://localhost:5174/node_modules/.vite/deps/runtime-Dhi6vjnW.js?v=fbadb8b0:4478:3
    at flatten (http://localhost:5174/node_modules/.vite/deps/runtime-Dhi6vjnW.js?v=fbadb8b0:2089:3)
    at Module.template_effect (http://localhost:5174/node_modules/.vite/deps/runtime-Dhi6vjnW.js?v=fbadb8b0:4477:2)
    at VeilNode (http://localhost:5174/src/lib/VeilNode.svelte?t=1782941544832:504:4)
    at http://localhost:5174/node_modules/.vite/deps/index-client-BtLNq6aR.js?v=fbadb8b0:248:62
[17922992ms] TypeError: Cannot read properties of undefined (reading 'color')

	in <unknown>
	in VeilNode.svelte
	in NodeWrapper.svelte
	in NodeRenderer.svelte
	in Viewport.svelte
	in Pane.svelte
	in Zoom.svelte
	in Wrapper.svelte
	in SvelteFlow.svelte
	in +page.svelte
	in +layout.svelte
	in root.svelte
	in undefined

    at http://localhost:5174/src/lib/VeilNode.svelte?t=1782941544832:515:43
    at http://localhost:5174/node_modules/.vite/deps/runtime-Dhi6vjnW.js?v=fbadb8b0:4479:4
    at update_reaction (http://localhost:5174/node_modules/.vite/deps/runtime-Dhi6vjnW.js?v=fbadb8b0:4884:16)
    at update_effect (http://localhost:5174/node_modules/.vite/deps/runtime-Dhi6vjnW.js?v=fbadb8b0:4984:18)
    at create_effect (http://localhost:5174/node_modules/.vite/deps/runtime-Dhi6vjnW.js?v=fbadb8b0:4308:4)
    at http://localhost:5174/node_modules/.vite/deps/runtime-Dhi6vjnW.js?v=fbadb8b0:4478:3
    at flatten (http://localhost:5174/node_modules/.vite/deps/runtime-Dhi6vjnW.js?v=fbadb8b0:2089:3)
    at Module.template_effect (http://localhost:5174/node_modules/.vite/deps/runtime-Dhi6vjnW.js?v=fbadb8b0:4477:2)
    at VeilNode (http://localhost:5174/src/lib/VeilNode.svelte?t=1782941544832:504:4)
    at http://localhost:5174/node_modules/.vite/deps/index-client-BtLNq6aR.js?v=fbadb8b0:248:62
[17924199ms] TypeError: Cannot read properties of undefined (reading 'color')

	in <unknown>
	in VeilNode.svelte
	in NodeWrapper.svelte
	in NodeRenderer.svelte
	in Viewport.svelte
	in Pane.svelte
	in Zoom.svelte
	in Wrapper.svelte
	in SvelteFlow.svelte
	in +page.svelte
	in +layout.svelte
	in root.svelte
	in undefined

    at http://localhost:5174/src/lib/VeilNode.svelte?t=1782941544832:515:43
    at http://localhost:5174/node_modules/.vite/deps/runtime-Dhi6vjnW.js?v=fbadb8b0:4479:4
    at update_reaction (http://localhost:5174/node_modules/.vite/deps/runtime-Dhi6vjnW.js?v=fbadb8b0:4884:16)
    at update_effect (http://localhost:5174/node_modules/.vite/deps/runtime-Dhi6vjnW.js?v=fbadb8b0:4984:18)
    at create_effect (http://localhost:5174/node_modules/.vite/deps/runtime-Dhi6vjnW.js?v=fbadb8b0:4308:4)
    at http://localhost:5174/node_modules/.vite/deps/runtime-Dhi6vjnW.js?v=fbadb8b0:4478:3
    at flatten (http://localhost:5174/node_modules/.vite/deps/runtime-Dhi6vjnW.js?v=fbadb8b0:2089:3)
    at Module.template_effect (http://localhost:5174/node_modules/.vite/deps/runtime-Dhi6vjnW.js?v=fbadb8b0:4477:2)
    at VeilNode (http://localhost:5174/src/lib/VeilNode.svelte?t=1782941544832:504:4)
    at http://localhost:5174/node_modules/.vite/deps/index-client-BtLNq6aR.js?v=fbadb8b0:248:62
[19384147ms] TypeError: Cannot read properties of undefined (reading 'color')

	in <unknown>
	in VeilNode.svelte
	in NodeWrapper.svelte
	in NodeRenderer.svelte
	in Viewport.svelte
	in Pane.svelte
	in Zoom.svelte
	in Wrapper.svelte
	in SvelteFlow.svelte
	in +page.svelte
	in +layout.svelte
	in root.svelte
	in undefined

    at http://localhost:5174/src/lib/VeilNode.svelte?t=1782941544832:515:43
    at http://localhost:5174/node_modules/.vite/deps/runtime-Dhi6vjnW.js?v=fbadb8b0:4479:4
    at update_reaction (http://localhost:5174/node_modules/.vite/deps/runtime-Dhi6vjnW.js?v=fbadb8b0:4884:16)
    at update_effect (http://localhost:5174/node_modules/.vite/deps/runtime-Dhi6vjnW.js?v=fbadb8b0:4984:18)
    at create_effect (http://localhost:5174/node_modules/.vite/deps/runtime-Dhi6vjnW.js?v=fbadb8b0:4308:4)
    at http://localhost:5174/node_modules/.vite/deps/runtime-Dhi6vjnW.js?v=fbadb8b0:4478:3
    at flatten (http://localhost:5174/node_modules/.vite/deps/runtime-Dhi6vjnW.js?v=fbadb8b0:2089:3)
    at Module.template_effect (http://localhost:5174/node_modules/.vite/deps/runtime-Dhi6vjnW.js?v=fbadb8b0:4477:2)
    at VeilNode (http://localhost:5174/src/lib/VeilNode.svelte?t=1782941544832:504:4)
    at http://localhost:5174/node_modules/.vite/deps/index-client-BtLNq6aR.js?v=fbadb8b0:248:62
[19385503ms] TypeError: Cannot read properties of undefined (reading 'color')

	in <unknown>
	in VeilNode.svelte
	in NodeWrapper.svelte
	in NodeRenderer.svelte
	in Viewport.svelte
	in Pane.svelte
	in Zoom.svelte
	in Wrapper.svelte
	in SvelteFlow.svelte
	in +page.svelte
	in +layout.svelte
	in root.svelte
	in undefined

    at http://localhost:5174/src/lib/VeilNode.svelte?t=1782941544832:515:43
    at http://localhost:5174/node_modules/.vite/deps/runtime-Dhi6vjnW.js?v=fbadb8b0:4479:4
    at update_reaction (http://localhost:5174/node_modules/.vite/deps/runtime-Dhi6vjnW.js?v=fbadb8b0:4884:16)
    at update_effect (http://localhost:5174/node_modules/.vite/deps/runtime-Dhi6vjnW.js?v=fbadb8b0:4984:18)
    at create_effect (http://localhost:5174/node_modules/.vite/deps/runtime-Dhi6vjnW.js?v=fbadb8b0:4308:4)
    at http://localhost:5174/node_modules/.vite/deps/runtime-Dhi6vjnW.js?v=fbadb8b0:4478:3
    at flatten (http://localhost:5174/node_modules/.vite/deps/runtime-Dhi6vjnW.js?v=fbadb8b0:2089:3)
    at Module.template_effect (http://localhost:5174/node_modules/.vite/deps/runtime-Dhi6vjnW.js?v=fbadb8b0:4477:2)
    at VeilNode (http://localhost:5174/src/lib/VeilNode.svelte?t=1782941544832:504:4)
    at http://localhost:5174/node_modules/.vite/deps/index-client-BtLNq6aR.js?v=fbadb8b0:248:62
[19386732ms] TypeError: Cannot read properties of undefined (reading 'color')

	in <unknown>
	in VeilNode.svelte
	in NodeWrapper.svelte
	in NodeRenderer.svelte
	in Viewport.svelte
	in Pane.svelte
	in Zoom.svelte
	in Wrapper.svelte
	in SvelteFlow.svelte
	in +page.svelte
	in +layout.svelte
	in root.svelte
	in undefined

    at http://localhost:5174/src/lib/VeilNode.svelte?t=1782941544832:515:43
    at http://localhost:5174/node_modules/.vite/deps/runtime-Dhi6vjnW.js?v=fbadb8b0:4479:4
    at update_reaction (http://localhost:5174/node_modules/.vite/deps/runtime-Dhi6vjnW.js?v=fbadb8b0:4884:16)
    at update_effect (http://localhost:5174/node_modules/.vite/deps/runtime-Dhi6vjnW.js?v=fbadb8b0:4984:18)
    at create_effect (http://localhost:5174/node_modules/.vite/deps/runtime-Dhi6vjnW.js?v=fbadb8b0:4308:4)
    at http://localhost:5174/node_modules/.vite/deps/runtime-Dhi6vjnW.js?v=fbadb8b0:4478:3
    at flatten (http://localhost:5174/node_modules/.vite/deps/runtime-Dhi6vjnW.js?v=fbadb8b0:2089:3)
    at Module.template_effect (http://localhost:5174/node_modules/.vite/deps/runtime-Dhi6vjnW.js?v=fbadb8b0:4477:2)
    at VeilNode (http://localhost:5174/src/lib/VeilNode.svelte?t=1782941544832:504:4)
    at http://localhost:5174/node_modules/.vite/deps/index-client-BtLNq6aR.js?v=fbadb8b0:248:62
